<?xml version="1.0" encoding="UTF-8"?>
<testsuite xmlns:xsi="http://www.w3.org/2001/XMLSchema-instance" xsi:noNamespaceSchemaLocation="https://maven.apache.org/surefire/maven-surefire-plugin/xsd/surefire-test-report-3.0.xsd" version="3.0" name="com.example.fachat.FaChatApplicationTests" time="2.42" tests="1" errors="0" skipped="0" failures="0">
  <properties>
[...]
</properties>
  <testcase name="contextLoads" classname="com.example.fachat.FaChatApplicationTests" time="0.667">
    <system-out><![CDATA[21:08:16.217 [main] INFO org.springframework.test.context.support.AnnotationConfigContextLoaderUtils -- Could not detect default configuration classes for test class [com.example.fachat.FaChatApplicationTests]: FaChatApplicationTests does not declare any static, non-private, non-final, nested classes annotated with @Configuration.
21:08:16.292 [main] INFO org.springframework.boot.test.context.SpringBootTestContextBootstrapper -- Found @SpringBootConfiguration com.example.fachat.FaChatApplication for test class com.example.fachat.FaChatApplicationTests

  .   ____          _            __ _ _
 /\\ / ___'_ __ _ _(_)_ __  __ _ \ \ \ \
( ( )\___ | '_ | '_| | '_ \/ _` | \ \ \ \
 \\/  ___)| |_)| | | | | || (_| |  ) ) ) )
  '  |____| .__|_| |_|_| |_\__, | / / / /
 =========|_|==============|___/=/_/_/_/
 :: Spring Boot ::                (v3.1.9)

2024-02-29T21:08:16.634+08:00  INFO 8832 --- [           main] c.example.fachat.FaChatApplicationTests  : Starting FaChatApplicationTests using Java 17.0.8 with PID 8832 (started by SWD in E:\Java\fa-chat)
2024-02-29T21:08:16.635+08:00  INFO 8832 --- [           main] c.example.fachat.FaChatApplicationTests  : No active profile set, falling back to 1 default profile: "default"
2024-02-29T21:08:17.076+08:00  WARN 8832 --- [           main] o.m.s.mapper.ClassPathMapperScanner      : No MyBatis mapper was found in '[com.example.fachat]' package. Please check your configuration.
Logging initialized using 'class org.apache.ibatis.logging.stdout.StdOutImpl' adapter.
2024-02-29T21:08:17.821+08:00  INFO 8832 --- [           main] c.example.fachat.FaChatApplicationTests  : Started FaChatApplicationTests in 1.418 seconds (process running for 2.119)
]]></system-out>
  </testcase>
</testsuite>